2023-01-25T15:00:12|INFO: Logger initialized [DroneyMcDroneFace@headsupflight.py.__init__.89]
2023-01-25T15:00:12|INFO: Drone connected successfully [DroneyMcDroneFace@headsupflight.py.__init__.95]
2023-01-25T15:00:12|INFO: *** TAKEOFF *** [DroneyMcDroneFace@headsupflight.py.takeoff.200]
2023-01-25T15:00:18|INFO: Drone height at takeoff: 60 cm [DroneyMcDroneFace@headsupflight.py.takeoff.202]
2023-01-25T15:00:19|DEBUG: up function called -- cm: 50 [DroneyMcDroneFace@headsupflight.py.up.250]
2023-01-25T15:00:19|DEBUG: Drone moving up 50cm to 159.00000000000023cm [DroneyMcDroneFace@headsupflight.py.up.266]
2023-01-25T15:00:21|INFO: Drone moved up successfully. New height: 159.00000000000023 [DroneyMcDroneFace@headsupflight.py.up.268]
2023-01-25T15:00:23|INFO: *** LANDING *** [DroneyMcDroneFace@headsupflight.py.land.206]
2023-01-25T15:00:27|INFO: Drone disconnected [DroneyMcDroneFace@headsupflight.py.disconnect.121]
2023-01-25T15:01:11|INFO: Logger initialized [DroneyMcDroneFace@headsupflight.py.__init__.89]
2023-01-25T15:01:11|INFO: Drone connected successfully [DroneyMcDroneFace@headsupflight.py.__init__.95]
2023-01-25T15:01:11|INFO: *** TAKEOFF *** [DroneyMcDroneFace@headsupflight.py.takeoff.200]
2023-01-25T15:01:16|INFO: Drone height at takeoff: 70 cm [DroneyMcDroneFace@headsupflight.py.takeoff.202]
2023-01-25T15:01:18|DEBUG: up function called -- cm: 50 [DroneyMcDroneFace@headsupflight.py.up.250]
2023-01-25T15:01:18|DEBUG: Drone moving up 50cm to 148.0cm [DroneyMcDroneFace@headsupflight.py.up.266]
2023-01-25T15:01:20|INFO: Drone moved up successfully. New height: 132.0 [DroneyMcDroneFace@headsupflight.py.up.268]
2023-01-25T15:01:24|DEBUG: up function called -- cm: 50 [DroneyMcDroneFace@headsupflight.py.up.250]
2023-01-25T15:01:24|DEBUG: Given cm + currHeight > 180 | cm value updated to 49.0 cm [DroneyMcDroneFace@headsupflight.py.up.256]
2023-01-25T15:01:24|DEBUG: Drone moving up 49.0cm to 180.0cm [DroneyMcDroneFace@headsupflight.py.up.266]
2023-01-25T15:01:28|DEBUG: up function called -- cm: 20 [DroneyMcDroneFace@headsupflight.py.up.250]
2023-01-25T15:01:28|DEBUG: Drone moving up 20cm to 151.0cm [DroneyMcDroneFace@headsupflight.py.up.266]
2023-01-25T15:01:30|INFO: Drone moved up successfully. New height: 145.0 [DroneyMcDroneFace@headsupflight.py.up.268]
2023-01-25T15:01:31|DEBUG: up function called -- cm: 20 [DroneyMcDroneFace@headsupflight.py.up.250]
2023-01-25T15:01:31|DEBUG: Drone moving up 20cm to 165.0cm [DroneyMcDroneFace@headsupflight.py.up.266]
2023-01-25T15:01:33|INFO: Drone moved up successfully. New height: 157.0 [DroneyMcDroneFace@headsupflight.py.up.268]
2023-01-25T15:01:34|DEBUG: up function called -- cm: 20 [DroneyMcDroneFace@headsupflight.py.up.250]
2023-01-25T15:01:34|DEBUG: Drone moving up 20cm to 170.0cm [DroneyMcDroneFace@headsupflight.py.up.266]
2023-01-25T15:01:36|INFO: Drone moved up successfully. New height: 171.0 [DroneyMcDroneFace@headsupflight.py.up.268]
2023-01-25T15:01:37|DEBUG: up function called -- cm: 20 [DroneyMcDroneFace@headsupflight.py.up.250]
2023-01-25T15:01:37|DEBUG: Given cm + currHeight > 180 | cm value updated to 8.0 cm [DroneyMcDroneFace@headsupflight.py.up.256]
2023-01-25T15:01:37|DEBUG: Value given to move up less than 20. Returning. [DroneyMcDroneFace@headsupflight.py.up.263]
2023-01-25T15:01:39|DEBUG: up function called -- cm: 20 [DroneyMcDroneFace@headsupflight.py.up.250]
2023-01-25T15:01:39|DEBUG: Given cm + currHeight > 180 | cm value updated to 17.0 cm [DroneyMcDroneFace@headsupflight.py.up.256]
2023-01-25T15:01:39|DEBUG: Value given to move up less than 20. Returning. [DroneyMcDroneFace@headsupflight.py.up.263]
2023-01-25T15:01:40|DEBUG: up function called -- cm: 20 [DroneyMcDroneFace@headsupflight.py.up.250]
2023-01-25T15:01:40|DEBUG: Given cm + currHeight > 180 | cm value updated to 13.0 cm [DroneyMcDroneFace@headsupflight.py.up.256]
2023-01-25T15:01:40|DEBUG: Value given to move up less than 20. Returning. [DroneyMcDroneFace@headsupflight.py.up.263]
2023-01-25T15:01:44|DEBUG: up function called -- cm: 20 [DroneyMcDroneFace@headsupflight.py.down.271]
2023-01-25T15:01:44|DEBUG: Drone moving down 20cm to 187.0cm [DroneyMcDroneFace@headsupflight.py.down.289]
2023-01-25T15:01:46|INFO: Drone moved down successfully. New height: 138.0 [DroneyMcDroneFace@headsupflight.py.down.291]
2023-01-25T15:01:46|DEBUG: up function called -- cm: 20 [DroneyMcDroneFace@headsupflight.py.down.271]
2023-01-25T15:01:46|DEBUG: Drone moving down 20cm to 162.0cm [DroneyMcDroneFace@headsupflight.py.down.289]
2023-01-25T15:01:49|INFO: Drone moved down successfully. New height: 124.0 [DroneyMcDroneFace@headsupflight.py.down.291]
2023-01-25T15:01:51|DEBUG: up function called -- cm: 50 [DroneyMcDroneFace@headsupflight.py.down.271]
2023-01-25T15:01:51|DEBUG: Drone moving down 50cm to 177.0cm [DroneyMcDroneFace@headsupflight.py.down.289]
2023-01-25T15:01:54|INFO: Drone moved down successfully. New height: 71.0 [DroneyMcDroneFace@headsupflight.py.down.291]
2023-01-25T15:01:54|DEBUG: up function called -- cm: 20 [DroneyMcDroneFace@headsupflight.py.down.271]
2023-01-25T15:01:54|DEBUG: Drone moving down 20cm to 95.0cm [DroneyMcDroneFace@headsupflight.py.down.289]
2023-01-25T15:01:56|INFO: Drone moved down successfully. New height: 61.0 [DroneyMcDroneFace@headsupflight.py.down.291]
2023-01-25T15:01:57|DEBUG: up function called -- cm: 20 [DroneyMcDroneFace@headsupflight.py.down.271]
2023-01-25T15:01:57|DEBUG: Drone moving down 20cm to 84.0cm [DroneyMcDroneFace@headsupflight.py.down.289]
2023-01-25T15:01:58|INFO: Drone moved down successfully. New height: 42.0 [DroneyMcDroneFace@headsupflight.py.down.291]
2023-01-25T15:02:00|DEBUG: up function called -- cm: 20 [DroneyMcDroneFace@headsupflight.py.down.271]
2023-01-25T15:02:00|DEBUG: Value given to move up less than 20. Returning. [DroneyMcDroneFace@headsupflight.py.down.286]
2023-01-25T15:02:02|DEBUG: up function called -- cm: 20 [DroneyMcDroneFace@headsupflight.py.down.271]
2023-01-25T15:02:02|DEBUG: Value given to move up less than 20. Returning. [DroneyMcDroneFace@headsupflight.py.down.286]
2023-01-25T15:02:06|DEBUG: up function called -- cm: 20 [DroneyMcDroneFace@headsupflight.py.down.271]
2023-01-25T15:02:06|DEBUG: Value given to move up less than 20. Returning. [DroneyMcDroneFace@headsupflight.py.down.286]
2023-01-25T15:02:10|INFO: *** LANDING *** [DroneyMcDroneFace@headsupflight.py.land.206]
2023-01-25T15:02:14|INFO: Drone disconnected [DroneyMcDroneFace@headsupflight.py.disconnect.121]
