2023-01-25T14:10:54|INFO: Logger initialized [PT Student@headsupflight.py.__init__.89]
2023-01-25T14:10:54|INFO: Drone connected successfully [PT Student@headsupflight.py.__init__.95]
2023-01-25T14:10:54|INFO: *** TAKEOFF *** [PT Student@headsupflight.py.takeoff.200]
2023-01-25T14:10:59|INFO: Drone height at takeoff: 70 cm [PT Student@headsupflight.py.takeoff.202]
2023-01-25T14:11:00|DEBUG: up function called -- cm: 50 [PT Student@headsupflight.py.up.250]
2023-01-25T14:11:00|DEBUG: Drone moving up 50cm to 145.0cm [PT Student@headsupflight.py.up.266]
2023-01-25T14:11:02|INFO: Drone moved up successfully. New height: 119.0 [PT Student@headsupflight.py.up.268]
2023-01-25T14:11:03|DEBUG: up function called -- cm: 30 [PT Student@headsupflight.py.up.250]
2023-01-25T14:11:03|DEBUG: Drone moving up 30cm to 143.0cm [PT Student@headsupflight.py.up.266]
2023-01-25T14:11:05|INFO: Drone moved up successfully. New height: 140.0 [PT Student@headsupflight.py.up.268]
2023-01-25T14:11:06|DEBUG: up function called -- cm: 20 [PT Student@headsupflight.py.up.250]
2023-01-25T14:11:06|DEBUG: Drone moving up 20cm to 163.0cm [PT Student@headsupflight.py.up.266]
2023-01-25T14:11:08|INFO: Drone moved up successfully. New height: 159.0 [PT Student@headsupflight.py.up.268]
2023-01-25T14:11:11|DEBUG: up function called -- cm: 100 [PT Student@headsupflight.py.down.271]
2023-01-25T14:11:11|DEBUG: Drone moving down 100cm to 245.0cm [PT Student@headsupflight.py.down.289]
2023-01-25T14:11:14|INFO: Drone moved down successfully. New height: 69.00000000000023 [PT Student@headsupflight.py.down.291]
2023-01-25T14:11:17|DEBUG: up function called -- cm: 30 [PT Student@headsupflight.py.down.271]
2023-01-25T14:11:17|DEBUG: Drone moving down 30cm to 94.0cm [PT Student@headsupflight.py.down.289]
2023-01-25T14:11:20|INFO: Drone moved down successfully. New height: 45.0 [PT Student@headsupflight.py.down.291]
2023-01-25T14:11:21|INFO: *** LANDING *** [PT Student@headsupflight.py.land.206]
2023-01-25T14:11:24|INFO: Drone disconnected [PT Student@headsupflight.py.disconnect.121]
